{
  "RSpec": {
    "coverage": {
      "/home/ubuntu/workspace/Emunah/app/helpers/application_helper.rb": [
        1,
        null
      ],
      "/home/ubuntu/workspace/Emunah/app/models/family.rb": [
        1,
        null
      ],
      "/home/ubuntu/workspace/Emunah/app/models/application_record.rb": [
        1,
        1,
        null
      ],
      "/home/ubuntu/workspace/Emunah/app/models/person.rb": [
        1,
        null
      ],
      "/home/ubuntu/workspace/Emunah/app/models/user.rb": [
        1,
        null,
        1,
        1,
        1,
        1,
        1,
        null,
        1,
        1,
        null,
        1,
        0,
        0,
        0,
        null,
        null,
        null,
        1,
        0,
        null,
        null
      ],
      "/home/ubuntu/workspace/Emunah/app/mailers/application_mailer.rb": [
        0,
        0,
        0,
        0
      ],
      "/home/ubuntu/workspace/Emunah/app/jobs/application_job.rb": [
        0,
        0
      ],
      "/home/ubuntu/workspace/Emunah/app/channels/application_cable/channel.rb": [
        0,
        0,
        0,
        0
      ],
      "/home/ubuntu/workspace/Emunah/app/channels/application_cable/connection.rb": [
        0,
        0,
        0,
        0
      ],
      "/home/ubuntu/workspace/Emunah/app/controllers/homes_controller.rb": [
        null,
        0,
        null,
        0,
        null,
        0,
        null,
        0,
        null,
        0,
        0
      ],
      "/home/ubuntu/workspace/Emunah/app/controllers/home_controller.rb": [
        0,
        null,
        0,
        0,
        0,
        null,
        0,
        null,
        0,
        null,
        0,
        null,
        0,
        null,
        0,
        null,
        0,
        null,
        0,
        null,
        null,
        null,
        0,
        null,
        0,
        null,
        0,
        null,
        0,
        null,
        0,
        null,
        0,
        null,
        0,
        0
      ],
      "/home/ubuntu/workspace/Emunah/app/controllers/application_controller.rb": [
        0,
        0,
        0
      ],
      "/home/ubuntu/workspace/Emunah/app/controllers/families_controller.rb": [
        0,
        null,
        0,
        0,
        0,
        null,
        0,
        null,
        0,
        null,
        0,
        0,
        0,
        null,
        0,
        null,
        0,
        null,
        0,
        0,
        0,
        0,
        0,
        null,
        0,
        null,
        0,
        null,
        0,
        null,
        0,
        null,
        0,
        null,
        0,
        0
      ],
      "/home/ubuntu/workspace/Emunah/app/controllers/people_controller.rb": [
        0,
        null,
        0,
        0,
        0,
        0,
        0,
        null,
        0,
        null,
        0,
        null,
        0,
        null,
        0,
        null,
        0,
        null,
        0,
        null,
        0,
        0,
        0,
        0,
        0,
        null,
        0,
        null,
        0,
        null,
        0,
        null,
        0,
        null,
        0,
        null,
        0,
        0
      ],
      "/home/ubuntu/workspace/Emunah/app/controllers/users_controller.rb": [
        null,
        null,
        0,
        null,
        0,
        0,
        0,
        null,
        0,
        null,
        0,
        0,
        0,
        null,
        0,
        null,
        0,
        null,
        0,
        null,
        0,
        null,
        0,
        0,
        0,
        0,
        0,
        0,
        0,
        0,
        0,
        null,
        0,
        null,
        0,
        null,
        0,
        null,
        0,
        null,
        0,
        null,
        0,
        null,
        0,
        null,
        null,
        0,
        0,
        null,
        null,
        0,
        0,
        0,
        0,
        0,
        null,
        null,
        0,
        0,
        0,
        0,
        0,
        0,
        0,
        0,
        0
      ]
    },
    "timestamp": 1508967135
  }
}
